Info: Nothing to build for myHelloWorld
03:58:51 **** Rebuild of configuration Debug for project me477Library_v4_distribution ****
Info: Internal Builder is used for build
arm-nilrt-linux-gnueabi-gcc -DMyRio_1900 "-IZ:\\workspace\\me477Library_v4_distribution\\C_Support" -O0 -g3 -Wall -c -fmessage-length=0 -o "C_Support\\NiFpga.o" "..\\C_Support\\NiFpga.c" 
arm-nilrt-linux-gnueabi-gcc -DMyRio_1900 "-IZ:\\workspace\\me477Library_v4_distribution\\C_Support" -O0 -g3 -Wall -c -fmessage-length=0 -o "C_Support\\MyRio.o" "..\\C_Support\\MyRio.c" 
arm-nilrt-linux-gnueabi-gcc -DMyRio_1900 "-IZ:\\workspace\\me477Library_v4_distribution\\C_Support" -O0 -g3 -Wall -c -fmessage-length=0 -o "C_Support\\IRQConfigure.o" "..\\C_Support\\IRQConfigure.c" 
arm-nilrt-linux-gnueabi-ar -r libme477Library_v4_distribution.a "C_Support\\NiFpga.o" "C_Support\\MyRio.o" "C_Support\\IRQConfigure.o" 
arm-nilrt-linux-gnueabi-ar: creating libme477Library_v4_distribution.a
03:58:55 **** Rebuild of configuration Debug for project myHelloWorld ****
Info: Internal Builder is used for build
arm-nilrt-linux-gnueabi-gcc -DMyRio_1900 "-IZ:\\workspace\\C Support for myRIO\\source" -O0 -g3 -Wall -c -fmessage-length=0 -o "C_Support\\NiFpga.o" "..\\..\\C Support for myRIO\\source\\NiFpga.c" 
arm-nilrt-linux-gnueabi-gcc -DMyRio_1900 "-IZ:\\workspace\\C Support for myRIO\\source" -O0 -g3 -Wall -c -fmessage-length=0 -o "C_Support\\IRQConfigure.o" "..\\..\\C Support for myRIO\\source\\IRQConfigure.c" 
arm-nilrt-linux-gnueabi-gcc -DMyRio_1900 "-IZ:\\workspace\\C Support for myRIO\\source" -O0 -g3 -Wall -c -fmessage-length=0 -o main.o "..\\main.c" 
arm-nilrt-linux-gnueabi-gcc -DMyRio_1900 "-IZ:\\workspace\\C Support for myRIO\\source" -O0 -g3 -Wall -c -fmessage-length=0 -o "C_Support\\MyRio.o" "..\\..\\C Support for myRIO\\source\\MyRio.c" 
arm-nilrt-linux-gnueabi-gcc "-LZ:\\workspace\\C Support for myRIO\\source" -lm -o myHelloWorld main.o "C_Support\\NiFpga.o" "C_Support\\MyRio.o" "C_Support\\IRQConfigure.o" "..\\..\\me477Library_v4_distribution\\Debug\\libme477Library_v4.a" -ldl -lvisa -lpthread 
03:58:56 **** Rebuild of configuration Debug for project myLab0 ****
Info: Internal Builder is used for build
arm-nilrt-linux-gnueabi-gcc -DMyRio_1900 "-IZ:\\workspace\\C Support for myRIO\\source" -O0 -g3 -Wall -c -fmessage-length=0 -o main.o "..\\main.c" 
arm-nilrt-linux-gnueabi-gcc -DMyRio_1900 "-IZ:\\workspace\\C Support for myRIO\\source" -O0 -g3 -Wall -c -fmessage-length=0 -o "C_Support\\NiFpga.o" "..\\..\\C Support for myRIO\\source\\NiFpga.c" 
arm-nilrt-linux-gnueabi-gcc -DMyRio_1900 "-IZ:\\workspace\\C Support for myRIO\\source" -O0 -g3 -Wall -c -fmessage-length=0 -o "C_Support\\IRQConfigure.o" "..\\..\\C Support for myRIO\\source\\IRQConfigure.c" 
arm-nilrt-linux-gnueabi-gcc -DMyRio_1900 "-IZ:\\workspace\\C Support for myRIO\\source" -O0 -g3 -Wall -c -fmessage-length=0 -o "C_Support\\MyRio.o" "..\\..\\C Support for myRIO\\source\\MyRio.c" 
arm-nilrt-linux-gnueabi-gcc "-LZ:\\workspace\\C Support for myRIO\\source" -lm -o myLab0 main.o "C_Support\\NiFpga.o" "C_Support\\MyRio.o" "C_Support\\IRQConfigure.o" "..\\..\\me477Library_v4_distribution\\Debug\\libme477Library_v4.a" -ldl -lvisa -lpthread 
03:58:58 **** Rebuild of configuration Debug for project myLab1 ****
Info: Internal Builder is used for build
arm-nilrt-linux-gnueabi-gcc -DMyRio_1900 "-IZ:\\workspace\\C Support for myRIO\\source" -O0 -g3 -Wall -c -fmessage-length=0 -o "C_Support\\IRQConfigure.o" "..\\..\\C Support for myRIO\\source\\IRQConfigure.c" 
arm-nilrt-linux-gnueabi-gcc -DMyRio_1900 "-IZ:\\workspace\\C Support for myRIO\\source" -O0 -g3 -Wall -c -fmessage-length=0 -o "C_Support\\MyRio.o" "..\\..\\C Support for myRIO\\source\\MyRio.c" 
arm-nilrt-linux-gnueabi-gcc -DMyRio_1900 "-IZ:\\workspace\\C Support for myRIO\\source" -O0 -g3 -Wall -c -fmessage-length=0 -o main.o "..\\main.c" 
arm-nilrt-linux-gnueabi-gcc -DMyRio_1900 "-IZ:\\workspace\\C Support for myRIO\\source" -O0 -g3 -Wall -c -fmessage-length=0 -o "C_Support\\NiFpga.o" "..\\..\\C Support for myRIO\\source\\NiFpga.c" 
arm-nilrt-linux-gnueabi-gcc "-LZ:\\workspace\\C Support for myRIO\\source" -lm -o myLab1 main.o "C_Support\\NiFpga.o" "C_Support\\MyRio.o" "C_Support\\IRQConfigure.o" "..\\..\\me477Library_v4_distribution\\Debug\\libme477Library_v4.a" -ldl -lvisa -lpthread 
03:58:59 **** Rebuild of configuration Debug for project myLab2 ****
Info: Internal Builder is used for build
arm-nilrt-linux-gnueabi-gcc -DMyRio_1900 "-IZ:\\workspace\\C Support for myRIO\\source" -O0 -g3 -Wall -c -fmessage-length=0 -o main.o "..\\main.c" 
arm-nilrt-linux-gnueabi-gcc -DMyRio_1900 "-IZ:\\workspace\\C Support for myRIO\\source" -O0 -g3 -Wall -c -fmessage-length=0 -o "C_Support\\NiFpga.o" "..\\..\\C Support for myRIO\\source\\NiFpga.c" 
arm-nilrt-linux-gnueabi-gcc -DMyRio_1900 "-IZ:\\workspace\\C Support for myRIO\\source" -O0 -g3 -Wall -c -fmessage-length=0 -o "C_Support\\MyRio.o" "..\\..\\C Support for myRIO\\source\\MyRio.c" 
arm-nilrt-linux-gnueabi-gcc -DMyRio_1900 "-IZ:\\workspace\\C Support for myRIO\\source" -O0 -g3 -Wall -c -fmessage-length=0 -o "C_Support\\IRQConfigure.o" "..\\..\\C Support for myRIO\\source\\IRQConfigure.c" 
arm-nilrt-linux-gnueabi-gcc "-LZ:\\workspace\\C Support for myRIO\\source" -lm -o myLab2 main.o "C_Support\\NiFpga.o" "C_Support\\MyRio.o" "C_Support\\IRQConfigure.o" "..\\..\\me477Library_v4_distribution\\Debug\\libme477Library_v4.a" -ldl -lvisa -lpthread 
03:59:01 **** Rebuild of configuration Debug for project myLab3 ****
Info: Internal Builder is used for build
arm-nilrt-linux-gnueabi-gcc -DMyRio_1900 "-IZ:\\workspace\\C Support for myRIO\\source" -O0 -g3 -Wall -c -fmessage-length=0 -o main.o "..\\main.c" 
arm-nilrt-linux-gnueabi-gcc -DMyRio_1900 "-IZ:\\workspace\\C Support for myRIO\\source" -O0 -g3 -Wall -c -fmessage-length=0 -o "C_Support\\IRQConfigure.o" "..\\..\\C Support for myRIO\\source\\IRQConfigure.c" 
arm-nilrt-linux-gnueabi-gcc -DMyRio_1900 "-IZ:\\workspace\\C Support for myRIO\\source" -O0 -g3 -Wall -c -fmessage-length=0 -o "C_Support\\NiFpga.o" "..\\..\\C Support for myRIO\\source\\NiFpga.c" 
arm-nilrt-linux-gnueabi-gcc -DMyRio_1900 "-IZ:\\workspace\\C Support for myRIO\\source" -O0 -g3 -Wall -c -fmessage-length=0 -o "C_Support\\MyRio.o" "..\\..\\C Support for myRIO\\source\\MyRio.c" 
arm-nilrt-linux-gnueabi-gcc "-LZ:\\workspace\\C Support for myRIO\\source" -lm -o myLab3 main.o "C_Support\\NiFpga.o" "C_Support\\MyRio.o" "C_Support\\IRQConfigure.o" "..\\..\\me477Library_v4_distribution\\Debug\\libme477Library_v4.a" -ldl -lvisa -lpthread 
03:59:03 **** Rebuild of configuration Debug for project myLab4 ****
Info: Internal Builder is used for build
arm-nilrt-linux-gnueabi-gcc -DMyRio_1900 "-IZ:\\workspace\\C Support for myRIO\\source" -O0 -g3 -Wall -c -fmessage-length=0 -o "C_Support\\NiFpga.o" "..\\..\\C Support for myRIO\\source\\NiFpga.c" 
arm-nilrt-linux-gnueabi-gcc -DMyRio_1900 "-IZ:\\workspace\\C Support for myRIO\\source" -O0 -g3 -Wall -c -fmessage-length=0 -o main.o "..\\main.c" 
arm-nilrt-linux-gnueabi-gcc -DMyRio_1900 "-IZ:\\workspace\\C Support for myRIO\\source" -O0 -g3 -Wall -c -fmessage-length=0 -o "C_Support\\IRQConfigure.o" "..\\..\\C Support for myRIO\\source\\IRQConfigure.c" 
arm-nilrt-linux-gnueabi-gcc -DMyRio_1900 "-IZ:\\workspace\\C Support for myRIO\\source" -O0 -g3 -Wall -c -fmessage-length=0 -o "C_Support\\MyRio.o" "..\\..\\C Support for myRIO\\source\\MyRio.c" 
arm-nilrt-linux-gnueabi-gcc "-LZ:\\workspace\\C Support for myRIO\\source" -lm -o myLab4 main.o "C_Support\\NiFpga.o" "C_Support\\MyRio.o" "C_Support\\IRQConfigure.o" "..\\..\\me477Library_v4_distribution\\Debug\\libme477Library_v4.a" -ldl -lvisa -lpthread 
03:59:04 **** Rebuild of configuration Debug for project myLab5 ****
Info: Internal Builder is used for build
arm-nilrt-linux-gnueabi-gcc -DMyRio_1900 "-IZ:\\workspace\\C Support for myRIO\\source" -O0 -g3 -Wall -c -fmessage-length=0 -o main.o "..\\main.c" 
arm-nilrt-linux-gnueabi-gcc -DMyRio_1900 "-IZ:\\workspace\\C Support for myRIO\\source" -O0 -g3 -Wall -c -fmessage-length=0 -o "C_Support\\MyRio.o" "..\\..\\C Support for myRIO\\source\\MyRio.c" 
arm-nilrt-linux-gnueabi-gcc -DMyRio_1900 "-IZ:\\workspace\\C Support for myRIO\\source" -O0 -g3 -Wall -c -fmessage-length=0 -o "C_Support\\NiFpga.o" "..\\..\\C Support for myRIO\\source\\NiFpga.c" 
arm-nilrt-linux-gnueabi-gcc -DMyRio_1900 "-IZ:\\workspace\\C Support for myRIO\\source" -O0 -g3 -Wall -c -fmessage-length=0 -o "C_Support\\IRQConfigure.o" "..\\..\\C Support for myRIO\\source\\IRQConfigure.c" 
arm-nilrt-linux-gnueabi-gcc "-LZ:\\workspace\\C Support for myRIO\\source" -lm -o myLab5 main.o "C_Support\\NiFpga.o" "C_Support\\MyRio.o" "C_Support\\IRQConfigure.o" "..\\..\\me477Library_v4_distribution\\Debug\\libme477Library_v4.a" -ldl -lvisa -lpthread 
03:59:06 **** Rebuild of configuration Debug for project myLab6 ****
Info: Internal Builder is used for build
arm-nilrt-linux-gnueabi-gcc -DMyRio_1900 "-IZ:\\workspace\\C Support for myRIO\\source" -O0 -g3 -Wall -c -fmessage-length=0 -o "C_Support\\IRQConfigure.o" "..\\..\\C Support for myRIO\\source\\IRQConfigure.c" 
arm-nilrt-linux-gnueabi-gcc -DMyRio_1900 "-IZ:\\workspace\\C Support for myRIO\\source" -O0 -g3 -Wall -c -fmessage-length=0 -o main.o "..\\main.c" 
arm-nilrt-linux-gnueabi-gcc -DMyRio_1900 "-IZ:\\workspace\\C Support for myRIO\\source" -O0 -g3 -Wall -c -fmessage-length=0 -o "C_Support\\MyRio.o" "..\\..\\C Support for myRIO\\source\\MyRio.c" 
arm-nilrt-linux-gnueabi-gcc -DMyRio_1900 "-IZ:\\workspace\\C Support for myRIO\\source" -O0 -g3 -Wall -c -fmessage-length=0 -o "C_Support\\NiFpga.o" "..\\..\\C Support for myRIO\\source\\NiFpga.c" 
arm-nilrt-linux-gnueabi-gcc "-LZ:\\workspace\\C Support for myRIO\\source" -lm -o myLab6 main.o "C_Support\\NiFpga.o" "C_Support\\MyRio.o" "C_Support\\IRQConfigure.o" "..\\..\\me477Library_v4_distribution\\Debug\\libme477Library_v4.a" -ldl -lvisa -lpthread 
03:59:07 **** Rebuild of configuration Debug for project myLab7 ****
Info: Internal Builder is used for build
arm-nilrt-linux-gnueabi-gcc -DMyRio_1900 "-IZ:\\workspace\\C Support for myRIO\\source" -O0 -g3 -Wall -c -fmessage-length=0 -o main.o "..\\main.c" 
arm-nilrt-linux-gnueabi-gcc -DMyRio_1900 "-IZ:\\workspace\\C Support for myRIO\\source" -O0 -g3 -Wall -c -fmessage-length=0 -o "C_Support\\IRQConfigure.o" "..\\..\\C Support for myRIO\\source\\IRQConfigure.c" 
arm-nilrt-linux-gnueabi-gcc -DMyRio_1900 "-IZ:\\workspace\\C Support for myRIO\\source" -O0 -g3 -Wall -c -fmessage-length=0 -o "C_Support\\MyRio.o" "..\\..\\C Support for myRIO\\source\\MyRio.c" 
arm-nilrt-linux-gnueabi-gcc -DMyRio_1900 "-IZ:\\workspace\\C Support for myRIO\\source" -O0 -g3 -Wall -c -fmessage-length=0 -o "C_Support\\NiFpga.o" "..\\..\\C Support for myRIO\\source\\NiFpga.c" 
arm-nilrt-linux-gnueabi-gcc "-LZ:\\workspace\\C Support for myRIO\\source" -lm -o myLab7 main.o "C_Support\\NiFpga.o" "C_Support\\MyRio.o" "C_Support\\IRQConfigure.o" "..\\..\\me477Library_v4_distribution\\Debug\\libme477Library_v4.a" -ldl -lvisa -lpthread 
03:59:09 **** Rebuild of configuration Debug for project myLab8 ****
Info: Internal Builder is used for build
arm-nilrt-linux-gnueabi-gcc -DMyRio_1900 "-IZ:\\workspace\\C Support for myRIO\\source" -O0 -g3 -Wall -c -fmessage-length=0 -o main.o "..\\main.c" 
arm-nilrt-linux-gnueabi-gcc -DMyRio_1900 "-IZ:\\workspace\\C Support for myRIO\\source" -O0 -g3 -Wall -c -fmessage-length=0 -o "C_Support\\IRQConfigure.o" "..\\..\\C Support for myRIO\\source\\IRQConfigure.c" 
arm-nilrt-linux-gnueabi-gcc -DMyRio_1900 "-IZ:\\workspace\\C Support for myRIO\\source" -O0 -g3 -Wall -c -fmessage-length=0 -o "C_Support\\MyRio.o" "..\\..\\C Support for myRIO\\source\\MyRio.c" 
arm-nilrt-linux-gnueabi-gcc -DMyRio_1900 "-IZ:\\workspace\\C Support for myRIO\\source" -O0 -g3 -Wall -c -fmessage-length=0 -o "C_Support\\NiFpga.o" "..\\..\\C Support for myRIO\\source\\NiFpga.c" 
arm-nilrt-linux-gnueabi-gcc -DMyRio_1900 "-IZ:\\workspace\\C Support for myRIO\\source" -O0 -g3 -Wall -c -fmessage-length=0 -o Sramps.o "..\\Sramps.c" 
arm-nilrt-linux-gnueabi-gcc "-LZ:\\workspace\\C Support for myRIO\\source" -lm -o myLab8 main.o Sramps.o "C_Support\\NiFpga.o" "C_Support\\MyRio.o" "C_Support\\IRQConfigure.o" "..\\..\\me477Library_v4_distribution\\Debug\\libme477Library_v4.a" -ldl -lvisa -lpthread 
Info: Nothing to build for myHelloWorld
Info: Nothing to build for myHelloWorld
Info: Nothing to build for myHelloWorld
08:44:23 **** Rebuild of configuration Debug for project me477Library_v4_distribution ****
Info: Internal Builder is used for build
arm-nilrt-linux-gnueabi-gcc -DMyRio_1900 "-IC:\\vagrant\\workspace\\me477Library_v4_distribution\\C_Support" -O0 -g3 -Wall -c -fmessage-length=0 -o "C_Support\\NiFpga.o" "..\\C_Support\\NiFpga.c" 
arm-nilrt-linux-gnueabi-gcc -DMyRio_1900 "-IC:\\vagrant\\workspace\\me477Library_v4_distribution\\C_Support" -O0 -g3 -Wall -c -fmessage-length=0 -o "C_Support\\IRQConfigure.o" "..\\C_Support\\IRQConfigure.c" 
arm-nilrt-linux-gnueabi-gcc -DMyRio_1900 "-IC:\\vagrant\\workspace\\me477Library_v4_distribution\\C_Support" -O0 -g3 -Wall -c -fmessage-length=0 -o "C_Support\\MyRio.o" "..\\C_Support\\MyRio.c" 
arm-nilrt-linux-gnueabi-ar -r libme477Library_v4_distribution.a "C_Support\\NiFpga.o" "C_Support\\MyRio.o" "C_Support\\IRQConfigure.o" 
Info: Nothing to build for myHelloWorld
08:44:26 **** Rebuild of configuration Debug for project myLab0 ****
Info: Internal Builder is used for build
arm-nilrt-linux-gnueabi-gcc -DMyRio_1900 "-IC:\\vagrant\\workspace\\C Support for myRIO\\source" -O0 -g3 -Wall -c -fmessage-length=0 -o main.o "..\\main.c" 
arm-nilrt-linux-gnueabi-gcc -DMyRio_1900 "-IC:\\vagrant\\workspace\\C Support for myRIO\\source" -O0 -g3 -Wall -c -fmessage-length=0 -o "C_Support\\NiFpga.o" "..\\..\\C Support for myRIO\\source\\NiFpga.c" 
arm-nilrt-linux-gnueabi-gcc -DMyRio_1900 "-IC:\\vagrant\\workspace\\C Support for myRIO\\source" -O0 -g3 -Wall -c -fmessage-length=0 -o "C_Support\\MyRio.o" "..\\..\\C Support for myRIO\\source\\MyRio.c" 
arm-nilrt-linux-gnueabi-gcc -DMyRio_1900 "-IC:\\vagrant\\workspace\\C Support for myRIO\\source" -O0 -g3 -Wall -c -fmessage-length=0 -o "C_Support\\IRQConfigure.o" "..\\..\\C Support for myRIO\\source\\IRQConfigure.c" 
arm-nilrt-linux-gnueabi-gcc "-LC:\\vagrant\\workspace\\C Support for myRIO\\source" -lm -o myLab0 main.o "C_Support\\NiFpga.o" "C_Support\\MyRio.o" "C_Support\\IRQConfigure.o" "..\\..\\me477Library_v4_distribution\\Debug\\libme477Library_v4.a" -ldl -lvisa -lpthread 
08:44:28 **** Rebuild of configuration Debug for project myLab1 ****
Info: Internal Builder is used for build
arm-nilrt-linux-gnueabi-gcc -DMyRio_1900 "-IC:\\vagrant\\workspace\\C Support for myRIO\\source" -O0 -g3 -Wall -c -fmessage-length=0 -o "C_Support\\IRQConfigure.o" "..\\..\\C Support for myRIO\\source\\IRQConfigure.c" 
arm-nilrt-linux-gnueabi-gcc -DMyRio_1900 "-IC:\\vagrant\\workspace\\C Support for myRIO\\source" -O0 -g3 -Wall -c -fmessage-length=0 -o main.o "..\\main.c" 
arm-nilrt-linux-gnueabi-gcc -DMyRio_1900 "-IC:\\vagrant\\workspace\\C Support for myRIO\\source" -O0 -g3 -Wall -c -fmessage-length=0 -o "C_Support\\MyRio.o" "..\\..\\C Support for myRIO\\source\\MyRio.c" 
arm-nilrt-linux-gnueabi-gcc -DMyRio_1900 "-IC:\\vagrant\\workspace\\C Support for myRIO\\source" -O0 -g3 -Wall -c -fmessage-length=0 -o "C_Support\\NiFpga.o" "..\\..\\C Support for myRIO\\source\\NiFpga.c" 
arm-nilrt-linux-gnueabi-gcc "-LC:\\vagrant\\workspace\\C Support for myRIO\\source" -lm -o myLab1 main.o "C_Support\\NiFpga.o" "C_Support\\MyRio.o" "C_Support\\IRQConfigure.o" "..\\..\\me477Library_v4_distribution\\Debug\\libme477Library_v4.a" -ldl -lvisa -lpthread 
08:44:29 **** Rebuild of configuration Debug for project myLab2 ****
Info: Internal Builder is used for build
arm-nilrt-linux-gnueabi-gcc -DMyRio_1900 "-IC:\\vagrant\\workspace\\C Support for myRIO\\source" -O0 -g3 -Wall -c -fmessage-length=0 -o "C_Support\\IRQConfigure.o" "..\\..\\C Support for myRIO\\source\\IRQConfigure.c" 
arm-nilrt-linux-gnueabi-gcc -DMyRio_1900 "-IC:\\vagrant\\workspace\\C Support for myRIO\\source" -O0 -g3 -Wall -c -fmessage-length=0 -o "C_Support\\MyRio.o" "..\\..\\C Support for myRIO\\source\\MyRio.c" 
arm-nilrt-linux-gnueabi-gcc -DMyRio_1900 "-IC:\\vagrant\\workspace\\C Support for myRIO\\source" -O0 -g3 -Wall -c -fmessage-length=0 -o main.o "..\\main.c" 
arm-nilrt-linux-gnueabi-gcc -DMyRio_1900 "-IC:\\vagrant\\workspace\\C Support for myRIO\\source" -O0 -g3 -Wall -c -fmessage-length=0 -o "C_Support\\NiFpga.o" "..\\..\\C Support for myRIO\\source\\NiFpga.c" 
arm-nilrt-linux-gnueabi-gcc "-LC:\\vagrant\\workspace\\C Support for myRIO\\source" -lm -o myLab2 main.o "C_Support\\NiFpga.o" "C_Support\\MyRio.o" "C_Support\\IRQConfigure.o" "..\\..\\me477Library_v4_distribution\\Debug\\libme477Library_v4.a" -ldl -lvisa -lpthread 
08:44:31 **** Rebuild of configuration Debug for project myLab3 ****
Info: Internal Builder is used for build
arm-nilrt-linux-gnueabi-gcc -DMyRio_1900 "-IC:\\vagrant\\workspace\\C Support for myRIO\\source" -O0 -g3 -Wall -c -fmessage-length=0 -o "C_Support\\NiFpga.o" "..\\..\\C Support for myRIO\\source\\NiFpga.c" 
arm-nilrt-linux-gnueabi-gcc -DMyRio_1900 "-IC:\\vagrant\\workspace\\C Support for myRIO\\source" -O0 -g3 -Wall -c -fmessage-length=0 -o main.o "..\\main.c" 
arm-nilrt-linux-gnueabi-gcc -DMyRio_1900 "-IC:\\vagrant\\workspace\\C Support for myRIO\\source" -O0 -g3 -Wall -c -fmessage-length=0 -o "C_Support\\IRQConfigure.o" "..\\..\\C Support for myRIO\\source\\IRQConfigure.c" 
arm-nilrt-linux-gnueabi-gcc -DMyRio_1900 "-IC:\\vagrant\\workspace\\C Support for myRIO\\source" -O0 -g3 -Wall -c -fmessage-length=0 -o "C_Support\\MyRio.o" "..\\..\\C Support for myRIO\\source\\MyRio.c" 
arm-nilrt-linux-gnueabi-gcc "-LC:\\vagrant\\workspace\\C Support for myRIO\\source" -lm -o myLab3 main.o "C_Support\\NiFpga.o" "C_Support\\MyRio.o" "C_Support\\IRQConfigure.o" "..\\..\\me477Library_v4_distribution\\Debug\\libme477Library_v4.a" -ldl -lvisa -lpthread 
08:44:32 **** Rebuild of configuration Debug for project myLab4 ****
Info: Internal Builder is used for build
arm-nilrt-linux-gnueabi-gcc -DMyRio_1900 "-IC:\\vagrant\\workspace\\C Support for myRIO\\source" -O0 -g3 -Wall -c -fmessage-length=0 -o "C_Support\\MyRio.o" "..\\..\\C Support for myRIO\\source\\MyRio.c" 
arm-nilrt-linux-gnueabi-gcc -DMyRio_1900 "-IC:\\vagrant\\workspace\\C Support for myRIO\\source" -O0 -g3 -Wall -c -fmessage-length=0 -o main.o "..\\main.c" 
arm-nilrt-linux-gnueabi-gcc -DMyRio_1900 "-IC:\\vagrant\\workspace\\C Support for myRIO\\source" -O0 -g3 -Wall -c -fmessage-length=0 -o "C_Support\\IRQConfigure.o" "..\\..\\C Support for myRIO\\source\\IRQConfigure.c" 
arm-nilrt-linux-gnueabi-gcc -DMyRio_1900 "-IC:\\vagrant\\workspace\\C Support for myRIO\\source" -O0 -g3 -Wall -c -fmessage-length=0 -o "C_Support\\NiFpga.o" "..\\..\\C Support for myRIO\\source\\NiFpga.c" 
arm-nilrt-linux-gnueabi-gcc "-LC:\\vagrant\\workspace\\C Support for myRIO\\source" -lm -o myLab4 main.o "C_Support\\NiFpga.o" "C_Support\\MyRio.o" "C_Support\\IRQConfigure.o" "..\\..\\me477Library_v4_distribution\\Debug\\libme477Library_v4.a" -ldl -lvisa -lpthread 
08:44:34 **** Rebuild of configuration Debug for project myLab5 ****
Info: Internal Builder is used for build
arm-nilrt-linux-gnueabi-gcc -DMyRio_1900 "-IC:\\vagrant\\workspace\\C Support for myRIO\\source" -O0 -g3 -Wall -c -fmessage-length=0 -o "C_Support\\IRQConfigure.o" "..\\..\\C Support for myRIO\\source\\IRQConfigure.c" 
arm-nilrt-linux-gnueabi-gcc -DMyRio_1900 "-IC:\\vagrant\\workspace\\C Support for myRIO\\source" -O0 -g3 -Wall -c -fmessage-length=0 -o main.o "..\\main.c" 
arm-nilrt-linux-gnueabi-gcc -DMyRio_1900 "-IC:\\vagrant\\workspace\\C Support for myRIO\\source" -O0 -g3 -Wall -c -fmessage-length=0 -o "C_Support\\MyRio.o" "..\\..\\C Support for myRIO\\source\\MyRio.c" 
arm-nilrt-linux-gnueabi-gcc -DMyRio_1900 "-IC:\\vagrant\\workspace\\C Support for myRIO\\source" -O0 -g3 -Wall -c -fmessage-length=0 -o "C_Support\\NiFpga.o" "..\\..\\C Support for myRIO\\source\\NiFpga.c" 
arm-nilrt-linux-gnueabi-gcc "-LC:\\vagrant\\workspace\\C Support for myRIO\\source" -lm -o myLab5 main.o "C_Support\\NiFpga.o" "C_Support\\MyRio.o" "C_Support\\IRQConfigure.o" "..\\..\\me477Library_v4_distribution\\Debug\\libme477Library_v4.a" -ldl -lvisa -lpthread 
08:44:36 **** Rebuild of configuration Debug for project myLab6 ****
Info: Internal Builder is used for build
arm-nilrt-linux-gnueabi-gcc -DMyRio_1900 "-IC:\\vagrant\\workspace\\C Support for myRIO\\source" -O0 -g3 -Wall -c -fmessage-length=0 -o "C_Support\\NiFpga.o" "..\\..\\C Support for myRIO\\source\\NiFpga.c" 
arm-nilrt-linux-gnueabi-gcc -DMyRio_1900 "-IC:\\vagrant\\workspace\\C Support for myRIO\\source" -O0 -g3 -Wall -c -fmessage-length=0 -o "C_Support\\MyRio.o" "..\\..\\C Support for myRIO\\source\\MyRio.c" 
arm-nilrt-linux-gnueabi-gcc -DMyRio_1900 "-IC:\\vagrant\\workspace\\C Support for myRIO\\source" -O0 -g3 -Wall -c -fmessage-length=0 -o "C_Support\\IRQConfigure.o" "..\\..\\C Support for myRIO\\source\\IRQConfigure.c" 
arm-nilrt-linux-gnueabi-gcc -DMyRio_1900 "-IC:\\vagrant\\workspace\\C Support for myRIO\\source" -O0 -g3 -Wall -c -fmessage-length=0 -o main.o "..\\main.c" 
arm-nilrt-linux-gnueabi-gcc "-LC:\\vagrant\\workspace\\C Support for myRIO\\source" -lm -o myLab6 main.o "C_Support\\NiFpga.o" "C_Support\\MyRio.o" "C_Support\\IRQConfigure.o" "..\\..\\me477Library_v4_distribution\\Debug\\libme477Library_v4.a" -ldl -lvisa -lpthread 
08:44:38 **** Rebuild of configuration Debug for project myLab7 ****
Info: Internal Builder is used for build
arm-nilrt-linux-gnueabi-gcc -DMyRio_1900 "-IC:\\vagrant\\workspace\\C Support for myRIO\\source" -O0 -g3 -Wall -c -fmessage-length=0 -o "C_Support\\NiFpga.o" "..\\..\\C Support for myRIO\\source\\NiFpga.c" 
arm-nilrt-linux-gnueabi-gcc -DMyRio_1900 "-IC:\\vagrant\\workspace\\C Support for myRIO\\source" -O0 -g3 -Wall -c -fmessage-length=0 -o "C_Support\\IRQConfigure.o" "..\\..\\C Support for myRIO\\source\\IRQConfigure.c" 
arm-nilrt-linux-gnueabi-gcc -DMyRio_1900 "-IC:\\vagrant\\workspace\\C Support for myRIO\\source" -O0 -g3 -Wall -c -fmessage-length=0 -o main.o "..\\main.c" 
arm-nilrt-linux-gnueabi-gcc -DMyRio_1900 "-IC:\\vagrant\\workspace\\C Support for myRIO\\source" -O0 -g3 -Wall -c -fmessage-length=0 -o "C_Support\\MyRio.o" "..\\..\\C Support for myRIO\\source\\MyRio.c" 
arm-nilrt-linux-gnueabi-gcc "-LC:\\vagrant\\workspace\\C Support for myRIO\\source" -lm -o myLab7 main.o "C_Support\\NiFpga.o" "C_Support\\MyRio.o" "C_Support\\IRQConfigure.o" "..\\..\\me477Library_v4_distribution\\Debug\\libme477Library_v4.a" -ldl -lvisa -lpthread 
08:44:39 **** Rebuild of configuration Debug for project myLab8 ****
Info: Internal Builder is used for build
arm-nilrt-linux-gnueabi-gcc -DMyRio_1900 "-IC:\\vagrant\\workspace\\C Support for myRIO\\source" -O0 -g3 -Wall -c -fmessage-length=0 -o "C_Support\\MyRio.o" "..\\..\\C Support for myRIO\\source\\MyRio.c" 
arm-nilrt-linux-gnueabi-gcc -DMyRio_1900 "-IC:\\vagrant\\workspace\\C Support for myRIO\\source" -O0 -g3 -Wall -c -fmessage-length=0 -o "C_Support\\IRQConfigure.o" "..\\..\\C Support for myRIO\\source\\IRQConfigure.c" 
arm-nilrt-linux-gnueabi-gcc -DMyRio_1900 "-IC:\\vagrant\\workspace\\C Support for myRIO\\source" -O0 -g3 -Wall -c -fmessage-length=0 -o Sramps.o "..\\Sramps.c" 
arm-nilrt-linux-gnueabi-gcc -DMyRio_1900 "-IC:\\vagrant\\workspace\\C Support for myRIO\\source" -O0 -g3 -Wall -c -fmessage-length=0 -o main.o "..\\main.c" 
arm-nilrt-linux-gnueabi-gcc -DMyRio_1900 "-IC:\\vagrant\\workspace\\C Support for myRIO\\source" -O0 -g3 -Wall -c -fmessage-length=0 -o "C_Support\\NiFpga.o" "..\\..\\C Support for myRIO\\source\\NiFpga.c" 
arm-nilrt-linux-gnueabi-gcc "-LC:\\vagrant\\workspace\\C Support for myRIO\\source" -lm -o myLab8 main.o Sramps.o "C_Support\\NiFpga.o" "C_Support\\MyRio.o" "C_Support\\IRQConfigure.o" "..\\..\\me477Library_v4_distribution\\Debug\\libme477Library_v4.a" -ldl -lvisa -lpthread 
Info: Nothing to build for myHelloWorld
Info: Nothing to build for myHelloWorld
Info: Nothing to build for myHelloWorld
01:04:48 **** Rebuild of configuration Debug for project myHelloWorld ****
Info: Internal Builder is used for build
arm-nilrt-linux-gnueabi-gcc -DMyRio_1900 "-IC:\\vagrant\\workspace\\C Support for myRIO\\source" -O0 -g3 -Wall -c -fmessage-length=0 -o "C_Support\\MyRio.o" "..\\..\\C Support for myRIO\\source\\MyRio.c" 
arm-nilrt-linux-gnueabi-gcc -DMyRio_1900 "-IC:\\vagrant\\workspace\\C Support for myRIO\\source" -O0 -g3 -Wall -c -fmessage-length=0 -o "C_Support\\NiFpga.o" "..\\..\\C Support for myRIO\\source\\NiFpga.c" 
arm-nilrt-linux-gnueabi-gcc -DMyRio_1900 "-IC:\\vagrant\\workspace\\C Support for myRIO\\source" -O0 -g3 -Wall -c -fmessage-length=0 -o main.o "..\\main.c" 
arm-nilrt-linux-gnueabi-gcc -DMyRio_1900 "-IC:\\vagrant\\workspace\\C Support for myRIO\\source" -O0 -g3 -Wall -c -fmessage-length=0 -o "C_Support\\IRQConfigure.o" "..\\..\\C Support for myRIO\\source\\IRQConfigure.c" 
arm-nilrt-linux-gnueabi-gcc "-LC:\\vagrant\\workspace\\C Support for myRIO\\source" -lm -o myHelloWorld main.o "C_Support\\NiFpga.o" "C_Support\\MyRio.o" "C_Support\\IRQConfigure.o" "..\\..\\me477Library_v4_distribution\\Debug\\libme477Library_v4.a" -ldl -lvisa -lpthread 
Info: Nothing to build for myHelloWorld
Info: Nothing to build for myHelloWorld
Info: Nothing to build for myHelloWorld
Info: Nothing to build for myHelloWorld
